This is pdfTeX, Version 3.141592653-2.6-1.40.22 (TeX Live 2021) (preloaded format=pdflatex 2021.8.15)  6 OCT 2022 11:34
entering extended mode
 restricted \write18 enabled.
 file:line:error style messages enabled.
 %&-line parsing enabled.
**main.tex
(./main.tex
LaTeX2e <2020-10-01> patch level 4
L3 programming layer <2021-02-18>
(/usr/local/texlive/2021/texmf-dist/tex/latex/base/article.cls
Document Class: article 2020/04/10 v1.4m Standard LaTeX document class
(/usr/local/texlive/2021/texmf-dist/tex/latex/base/size10.clo
File: size10.clo 2020/04/10 v1.4m Standard LaTeX file (size option)
)
\c@part=\count179
\c@section=\count180
\c@subsection=\count181
\c@subsubsection=\count182
\c@paragraph=\count183
\c@subparagraph=\count184
\c@figure=\count185
\c@table=\count186
\abovecaptionskip=\skip47
\belowcaptionskip=\skip48
\bibindent=\dimen138
)
(/usr/local/texlive/2021/texmf-dist/tex/latex/base/inputenc.sty
Package: inputenc 2020/08/01 v1.3d Input encoding file
\inpenc@prehook=\toks15
\inpenc@posthook=\toks16
)
(/usr/local/texlive/2021/texmf-dist/tex/latex/amsmath/amsmath.sty
Package: amsmath 2020/09/23 v2.17i AMS math features
\@mathmargin=\skip49

For additional information on amsmath, use the `?' option.
(/usr/local/texlive/2021/texmf-dist/tex/latex/amsmath/amstext.sty
Package: amstext 2000/06/29 v2.01 AMS text

(/usr/local/texlive/2021/texmf-dist/tex/latex/amsmath/amsgen.sty
File: amsgen.sty 1999/11/30 v2.0 generic functions
\@emptytoks=\toks17
\ex@=\dimen139
))
(/usr/local/texlive/2021/texmf-dist/tex/latex/amsmath/amsbsy.sty
Package: amsbsy 1999/11/29 v1.2d Bold Symbols
\pmbraise@=\dimen140
)
(/usr/local/texlive/2021/texmf-dist/tex/latex/amsmath/amsopn.sty
Package: amsopn 2016/03/08 v2.02 operator names
)
\inf@bad=\count187
LaTeX Info: Redefining \frac on input line 234.
\uproot@=\count188
\leftroot@=\count189
LaTeX Info: Redefining \overline on input line 399.
\classnum@=\count190
\DOTSCASE@=\count191
LaTeX Info: Redefining \ldots on input line 496.
LaTeX Info: Redefining \dots on input line 499.
LaTeX Info: Redefining \cdots on input line 620.
\Mathstrutbox@=\box47
\strutbox@=\box48
\big@size=\dimen141
LaTeX Font Info:    Redeclaring font encoding OML on input line 743.
LaTeX Font Info:    Redeclaring font encoding OMS on input line 744.
\macc@depth=\count192
\c@MaxMatrixCols=\count193
\dotsspace@=\muskip16
\c@parentequation=\count194
\dspbrk@lvl=\count195
\tag@help=\toks18
\row@=\count196
\column@=\count197
\maxfields@=\count198
\andhelp@=\toks19
\eqnshift@=\dimen142
\alignsep@=\dimen143
\tagshift@=\dimen144
\tagwidth@=\dimen145
\totwidth@=\dimen146
\lineht@=\dimen147
\@envbody=\toks20
\multlinegap=\skip50
\multlinetaggap=\skip51
\mathdisplay@stack=\toks21
LaTeX Info: Redefining \[ on input line 2923.
LaTeX Info: Redefining \] on input line 2924.
)
(/usr/local/texlive/2021/texmf-dist/tex/latex/amsfonts/amssymb.sty
Package: amssymb 2013/01/14 v3.01 AMS font symbols

(/usr/local/texlive/2021/texmf-dist/tex/latex/amsfonts/amsfonts.sty
Package: amsfonts 2013/01/14 v3.01 Basic AMSFonts support
\symAMSa=\mathgroup4
\symAMSb=\mathgroup5
LaTeX Font Info:    Redeclaring math symbol \hbar on input line 98.
LaTeX Font Info:    Overwriting math alphabet `\mathfrak' in version `bold'
(Font)                  U/euf/m/n --> U/euf/b/n on input line 106.
))
(/usr/local/texlive/2021/texmf-dist/tex/latex/amscls/amsthm.sty
Package: amsthm 2020/05/29 v2.20.6
\thm@style=\toks22
\thm@bodyfont=\toks23
\thm@headfont=\toks24
\thm@notefont=\toks25
\thm@headpunct=\toks26
\thm@preskip=\skip52
\thm@postskip=\skip53
\thm@headsep=\skip54
\dth@everypar=\toks27
)
(/usr/local/texlive/2021/texmf-dist/tex/latex/graphics/graphicx.sty
Package: graphicx 2020/09/09 v1.2b Enhanced LaTeX Graphics (DPC,SPQR)

(/usr/local/texlive/2021/texmf-dist/tex/latex/graphics/keyval.sty
Package: keyval 2014/10/28 v1.15 key=value parser (DPC)
\KV@toks@=\toks28
)
(/usr/local/texlive/2021/texmf-dist/tex/latex/graphics/graphics.sty
Package: graphics 2020/08/30 v1.4c Standard LaTeX Graphics (DPC,SPQR)

(/usr/local/texlive/2021/texmf-dist/tex/latex/graphics/trig.sty
Package: trig 2016/01/03 v1.10 sin cos tan (DPC)
)
(/usr/local/texlive/2021/texmf-dist/tex/latex/graphics-cfg/graphics.cfg
File: graphics.cfg 2016/06/04 v1.11 sample graphics configuration
)
Package graphics Info: Driver file: pdftex.def on input line 105.

(/usr/local/texlive/2021/texmf-dist/tex/latex/graphics-def/pdftex.def
File: pdftex.def 2020/10/05 v1.2a Graphics/color driver for pdftex
))
\Gin@req@height=\dimen148
\Gin@req@width=\dimen149
)
(/usr/local/texlive/2021/texmf-dist/tex/latex/tools/array.sty
Package: array 2020/10/01 v2.5c Tabular extension package (FMi)
\col@sep=\dimen150
\ar@mcellbox=\box49
\extrarowheight=\dimen151
\NC@list=\toks29
\extratabsurround=\skip55
\backup@length=\skip56
\ar@cellbox=\box50
)
\c@theorem=\count199
\c@definition=\count266
\c@construction=\count267

(/usr/local/texlive/2021/texmf-dist/tex/latex/l3backend/l3backend-pdftex.def
File: l3backend-pdftex.def 2021-03-18 L3 backend support: PDF output (pdfTeX)
\l__color_backend_stack_int=\count268
\l__pdf_internal_box=\box51
)
No file main.aux.
\openout1 = `main.aux'.

LaTeX Font Info:    Checking defaults for OML/cmm/m/it on input line 21.
LaTeX Font Info:    ... okay on input line 21.
LaTeX Font Info:    Checking defaults for OMS/cmsy/m/n on input line 21.
LaTeX Font Info:    ... okay on input line 21.
LaTeX Font Info:    Checking defaults for OT1/cmr/m/n on input line 21.
LaTeX Font Info:    ... okay on input line 21.
LaTeX Font Info:    Checking defaults for T1/cmr/m/n on input line 21.
LaTeX Font Info:    ... okay on input line 21.
LaTeX Font Info:    Checking defaults for TS1/cmr/m/n on input line 21.
LaTeX Font Info:    ... okay on input line 21.
LaTeX Font Info:    Checking defaults for OMX/cmex/m/n on input line 21.
LaTeX Font Info:    ... okay on input line 21.
LaTeX Font Info:    Checking defaults for U/cmr/m/n on input line 21.
LaTeX Font Info:    ... okay on input line 21.
(/usr/local/texlive/2021/texmf-dist/tex/context/base/mkii/supp-pdf.mkii
[Loading MPS to PDF converter (version 2006.09.02).]
\scratchcounter=\count269
\scratchdimen=\dimen152
\scratchbox=\box52
\nofMPsegments=\count270
\nofMParguments=\count271
\everyMPshowfont=\toks30
\MPscratchCnt=\count272
\MPscratchDim=\dimen153
\MPnumerator=\count273
\makeMPintoPDFobject=\count274
\everyMPtoPDFconversion=\toks31
) (/usr/local/texlive/2021/texmf-dist/tex/latex/epstopdf-pkg/epstopdf-base.sty
Package: epstopdf-base 2020-01-24 v2.11 Base part for package epstopdf
Package epstopdf-base Info: Redefining graphics rule for `.eps' on input line 4
85.

(/usr/local/texlive/2021/texmf-dist/tex/latex/latexconfig/epstopdf-sys.cfg
File: epstopdf-sys.cfg 2010/07/13 v1.3 Configuration of (r)epstopdf for TeX Liv
e
))
LaTeX Font Info:    Trying to load font information for U+msa on input line 22.


(/usr/local/texlive/2021/texmf-dist/tex/latex/amsfonts/umsa.fd
File: umsa.fd 2013/01/14 v3.01 AMS symbols A
)
LaTeX Font Info:    Trying to load font information for U+msb on input line 22.


(/usr/local/texlive/2021/texmf-dist/tex/latex/amsfonts/umsb.fd
File: umsb.fd 2013/01/14 v3.01 AMS symbols B
)
No file main.toc.
\tf@toc=\write3
\openout3 = `main.toc'.

[1

{/usr/local/texlive/2021/texmf-var/fonts/map/pdftex/updmap/pdftex.map}]
<./src/visuals/2019EvtFormat.jpeg, id=12, 2396.955pt x 665.48625pt>
File: ./src/visuals/2019EvtFormat.jpeg Graphic file (type jpg)
<use ./src/visuals/2019EvtFormat.jpeg>
Package pdftex.def Info: ./src/visuals/2019EvtFormat.jpeg  used on input line 5
6.
(pdftex.def)             Requested size: 345.0pt x 95.77713pt.

[2] [3 <./src/visuals/2019EvtFormat.jpeg>]
Overfull \hbox (82.4425pt too wide) detected at line 82
[] \OMS/cmsy/m/n/10 ^^@ [] \OT1/cmr/m/n/10 = [] \OMS/cmsy/m/n/10 ^^@ []
 []

<./src/visuals/DistOfDiffInMeans.png, id=20, 2867.71375pt x 2150.0325pt>
File: ./src/visuals/DistOfDiffInMeans.png Graphic file (type png)
<use ./src/visuals/DistOfDiffInMeans.png>
Package pdftex.def Info: ./src/visuals/DistOfDiffInMeans.png  used on input lin
e 84.
(pdftex.def)             Requested size: 345.0pt x 258.64891pt.
<./src/visuals/DistOfDiffInMeansForAUS.png, id=22, 2867.71375pt x 2150.0325pt>
File: ./src/visuals/DistOfDiffInMeansForAUS.png Graphic file (type png)
<use ./src/visuals/DistOfDiffInMeansForAUS.png>
Package pdftex.def Info: ./src/visuals/DistOfDiffInMeansForAUS.png  used on inp
ut line 88.
(pdftex.def)             Requested size: 227.62204pt x 170.62822pt.
<./src/visuals/DistOfDiffInMeansForBRA.png, id=23, 2867.71375pt x 2150.0325pt>
File: ./src/visuals/DistOfDiffInMeansForBRA.png Graphic file (type png)
<use ./src/visuals/DistOfDiffInMeansForBRA.png>
Package pdftex.def Info: ./src/visuals/DistOfDiffInMeansForBRA.png  used on inp
ut line 89.
(pdftex.def)             Requested size: 227.62204pt x 170.62822pt.
<./src/visuals/DistOfDiffInMeansForFRA.png, id=24, 2867.71375pt x 2150.0325pt>
File: ./src/visuals/DistOfDiffInMeansForFRA.png Graphic file (type png)
<use ./src/visuals/DistOfDiffInMeansForFRA.png>
Package pdftex.def Info: ./src/visuals/DistOfDiffInMeansForFRA.png  used on inp
ut line 90.
(pdftex.def)             Requested size: 227.62204pt x 170.62822pt.
<./src/visuals/DistOfDiffInMeansForPRT.png, id=25, 2867.71375pt x 2150.0325pt>
File: ./src/visuals/DistOfDiffInMeansForPRT.png Graphic file (type png)
<use ./src/visuals/DistOfDiffInMeansForPRT.png>
Package pdftex.def Info: ./src/visuals/DistOfDiffInMeansForPRT.png  used on inp
ut line 91.
(pdftex.def)             Requested size: 227.62204pt x 170.62822pt.
<./src/visuals/DistOfDiffInMeansForUSA.png, id=26, 2867.71375pt x 2150.0325pt>
File: ./src/visuals/DistOfDiffInMeansForUSA.png Graphic file (type png)
<use ./src/visuals/DistOfDiffInMeansForUSA.png>
Package pdftex.def Info: ./src/visuals/DistOfDiffInMeansForUSA.png  used on inp
ut line 92.
(pdftex.def)             Requested size: 227.62204pt x 170.62822pt.
<./src/visuals/DistOfDiffInMeansForZAF.png, id=27, 2867.71375pt x 2150.0325pt>
File: ./src/visuals/DistOfDiffInMeansForZAF.png Graphic file (type png)
<use ./src/visuals/DistOfDiffInMeansForZAF.png>
Package pdftex.def Info: ./src/visuals/DistOfDiffInMeansForZAF.png  used on inp
ut line 93.
(pdftex.def)             Requested size: 227.62204pt x 170.62822pt.

Overfull \hbox (127.4663pt too wide) in paragraph at lines 88--94
[][] []
 []


Overfull \hbox (112.4663pt too wide) in paragraph at lines 88--94
[] []
 []


Overfull \hbox (112.4663pt too wide) in paragraph at lines 88--94
[] [] 
 []

[4 <./src/visuals/DistOfDiffInMeans.png>] [5 <./src/visuals/DistOfDiffInMeansFo
rAUS.png> <./src/visuals/DistOfDiffInMeansForBRA.png> <./src/visuals/DistOfDiff
InMeansForFRA.png> <./src/visuals/DistOfDiffInMeansForPRT.png> <./src/visuals/D
istOfDiffInMeansForUSA.png> <./src/visuals/DistOfDiffInMeansForZAF.png>]
<./src/visuals/DiffInMeansCDFbyevent.png, id=45, 2867.71375pt x 2150.0325pt>
File: ./src/visuals/DiffInMeansCDFbyevent.png Graphic file (type png)
<use ./src/visuals/DiffInMeansCDFbyevent.png>
Package pdftex.def Info: ./src/visuals/DiffInMeansCDFbyevent.png  used on input
 line 100.
(pdftex.def)             Requested size: 227.62204pt x 170.62822pt.
<./src/visuals/DiffInMeansCDFbyeventOrig.png, id=46, 2867.71375pt x 2150.0325pt
>
File: ./src/visuals/DiffInMeansCDFbyeventOrig.png Graphic file (type png)
<use ./src/visuals/DiffInMeansCDFbyeventOrig.png>
Package pdftex.def Info: ./src/visuals/DiffInMeansCDFbyeventOrig.png  used on i
nput line 101.
(pdftex.def)             Requested size: 227.62204pt x 170.62822pt.
<./src/visuals/DiffInMeansCDFbyathOrig.png, id=47, 2867.71375pt x 2150.0325pt>
File: ./src/visuals/DiffInMeansCDFbyathOrig.png Graphic file (type png)
<use ./src/visuals/DiffInMeansCDFbyathOrig.png>
Package pdftex.def Info: ./src/visuals/DiffInMeansCDFbyathOrig.png  used on inp
ut line 102.
(pdftex.def)             Requested size: 227.62204pt x 170.62822pt.

Overfull \hbox (127.4663pt too wide) in paragraph at lines 100--103
[][] []
 []

[6 <./src/visuals/DiffInMeansCDFbyevent.png> <./src/visuals/DiffInMeansCDFbyeve
ntOrig.png> <./src/visuals/DiffInMeansCDFbyathOrig.png>]
Overfull \hbox (63.70784pt too wide) in paragraph at lines 109--110
\OT1/cmr/m/n/10 the fol-low-ing scores for his ef-forts: $[(\OML/cmm/m/it/10 AU
S; \OT1/cmr/m/n/10 0\OML/cmm/m/it/10 :\OT1/cmr/m/n/10 5)\OML/cmm/m/it/10 ; \OT1
/cmr/m/n/10 (\OML/cmm/m/it/10 BRA; \OT1/cmr/m/n/10 0\OML/cmm/m/it/10 :\OT1/cmr/
m/n/10 3)\OML/cmm/m/it/10 ; \OT1/cmr/m/n/10 (\OML/cmm/m/it/10 ESP; \OT1/cmr/m/n
/10 0\OML/cmm/m/it/10 :\OT1/cmr/m/n/10 5)\OML/cmm/m/it/10 ; \OT1/cmr/m/n/10 (\O
ML/cmm/m/it/10 USA; \OT1/cmr/m/n/10 0\OML/cmm/m/it/10 :\OT1/cmr/m/n/10 5)\OML/c
mm/m/it/10 ; \OT1/cmr/m/n/10 (\OML/cmm/m/it/10 ZAF; \OT1/cmr/m/n/10 0\OML/cmm/m
/it/10 :\OT1/cmr/m/n/10 3)]$.
 []

<./src/visuals/2018GCR1/WaveScoresByAthH1.png, id=54, 2867.71375pt x 2150.0325p
t>
File: ./src/visuals/2018GCR1/WaveScoresByAthH1.png Graphic file (type png)
<use ./src/visuals/2018GCR1/WaveScoresByAthH1.png>
Package pdftex.def Info: ./src/visuals/2018GCR1/WaveScoresByAthH1.png  used on 
input line 111.
(pdftex.def)             Requested size: 170.71652pt x 127.97937pt.
<./src/visuals/2018GCR1/WaveScoresH1.png, id=55, 2867.71375pt x 2150.0325pt>
File: ./src/visuals/2018GCR1/WaveScoresH1.png Graphic file (type png)
<use ./src/visuals/2018GCR1/WaveScoresH1.png>
Package pdftex.def Info: ./src/visuals/2018GCR1/WaveScoresH1.png  used on input
 line 111.
(pdftex.def)             Requested size: 170.71652pt x 127.97937pt.

Overfull \hbox (11.43304pt too wide) in paragraph at lines 111--112
[][][] 
 []


Overfull \hbox (136.9489pt too wide) in paragraph at lines 113--114
\OT1/cmr/m/n/10 the first wave of the heat and we ob-serve the panel: $[(\OML/c
mm/m/it/10 AUS; \OT1/cmr/m/n/10 0\OML/cmm/m/it/10 :\OT1/cmr/m/n/10 3)\OML/cmm/m
/it/10 ; \OT1/cmr/m/n/10 (\OML/cmm/m/it/10 AUS; \OT1/cmr/m/n/10 0\OML/cmm/m/it/
10 :\OT1/cmr/m/n/10 3)\OML/cmm/m/it/10 ; \OT1/cmr/m/n/10 (\OML/cmm/m/it/10 BRA;
 \OT1/cmr/m/n/10 0\OML/cmm/m/it/10 :\OT1/cmr/m/n/10 2)\OML/cmm/m/it/10 ; \OT1/c
mr/m/n/10 (\OML/cmm/m/it/10 BRA; \OT1/cmr/m/n/10 0\OML/cmm/m/it/10 :\OT1/cmr/m/
n/10 5)\OML/cmm/m/it/10 ; \OT1/cmr/m/n/10 (\OML/cmm/m/it/10 USA; \OT1/cmr/m/n/1
0 0\OML/cmm/m/it/10 :\OT1/cmr/m/n/10 3)]$.
 []

<./src/visuals/2018GCR1/WaveScoresByAthH2.png, id=56, 2867.71375pt x 2150.0325p
t>
File: ./src/visuals/2018GCR1/WaveScoresByAthH2.png Graphic file (type png)
<use ./src/visuals/2018GCR1/WaveScoresByAthH2.png>
Package pdftex.def Info: ./src/visuals/2018GCR1/WaveScoresByAthH2.png  used on 
input line 115.
(pdftex.def)             Requested size: 170.71652pt x 127.97937pt.
<./src/visuals/2018GCR1/WaveScoresH2.png, id=57, 2867.71375pt x 2150.0325pt>
File: ./src/visuals/2018GCR1/WaveScoresH2.png Graphic file (type png)
<use ./src/visuals/2018GCR1/WaveScoresH2.png>
Package pdftex.def Info: ./src/visuals/2018GCR1/WaveScoresH2.png  used on input
 line 115.
(pdftex.def)             Requested size: 170.71652pt x 127.97937pt.

Overfull \hbox (11.43304pt too wide) in paragraph at lines 115--116
[][][] 
 []

[7 <./src/visuals/2018GCR1/WaveScoresByAthH1.png> <./src/visuals/2018GCR1/WaveS
coresH1.png> <./src/visuals/2018GCR1/WaveScoresByAthH2.png> <./src/visuals/2018
GCR1/WaveScoresH2.png>] [8]

LaTeX Warning: Command \textrightarrow invalid in math mode on input line 176.


LaTeX Warning: Command \textrightarrow invalid in math mode on input line 176.


Overfull \hbox (92.21774pt too wide) in paragraph at lines 180--183
\OMS/cmsy/m/n/10 f\OML/cmm/m/it/10 x; y; z\OMS/cmsy/m/n/10 g$\OT1/cmr/m/n/10 , 
then $\OML/cmm/m/it/10 l\OT1/cmr/m/n/10 (\OML/cmm/m/it/10 A\OT1/cmr/m/n/10 ) = 
\OMS/cmsy/m/n/10 f\OT1/cmr/m/n/10 ()\OMS/cmsy/m/n/10 g [ f\OT1/cmr/m/n/10 (\OML
/cmm/m/it/10 x\OT1/cmr/m/n/10 )\OML/cmm/m/it/10 ; \OT1/cmr/m/n/10 (\OML/cmm/m/i
t/10 y\OT1/cmr/m/n/10 )\OML/cmm/m/it/10 ; \OT1/cmr/m/n/10 (\OML/cmm/m/it/10 z\O
T1/cmr/m/n/10 )\OMS/cmsy/m/n/10 g [ f\OT1/cmr/m/n/10 (\OML/cmm/m/it/10 x; x\OT1
/cmr/m/n/10 )(\OML/cmm/m/it/10 x; y\OT1/cmr/m/n/10 )\OML/cmm/m/it/10 ; \OT1/cmr
/m/n/10 (\OML/cmm/m/it/10 x; z\OT1/cmr/m/n/10 )\OML/cmm/m/it/10 ; \OT1/cmr/m/n/
10 (\OML/cmm/m/it/10 y; x\OT1/cmr/m/n/10 )\OML/cmm/m/it/10 ; \OT1/cmr/m/n/10 (\
OML/cmm/m/it/10 y; y\OT1/cmr/m/n/10 )\OML/cmm/m/it/10 ; \OT1/cmr/m/n/10 (\OML/c
mm/m/it/10 y; z\OT1/cmr/m/n/10 )\OML/cmm/m/it/10 ; \OT1/cmr/m/n/10 (\OML/cmm/m/
it/10 z; x\OT1/cmr/m/n/10 )\OML/cmm/m/it/10 ; \OT1/cmr/m/n/10 (\OML/cmm/m/it/10
 z; y\OT1/cmr/m/n/10 )\OML/cmm/m/it/10 ; \OT1/cmr/m/n/10 (\OML/cmm/m/it/10 z; z
\OT1/cmr/m/n/10 )\OMS/cmsy/m/n/10 g [
 []


Overfull \hbox (97.8031pt too wide) in paragraph at lines 180--183
[] $ $\OML/cmm/m/it/10 M\OT1/cmr/m/n/10 (\OML/cmm/m/it/10 A\OT1/cmr/m/n/10 ) = 
\OMS/cmsy/m/n/10 f\OT1/cmr/m/n/10 ()\OMS/cmsy/m/n/10 g\OML/cmm/m/it/10 ; \OMS/c
msy/m/n/10 f\OT1/cmr/m/n/10 (\OML/cmm/m/it/10 x\OT1/cmr/m/n/10 )\OMS/cmsy/m/n/1
0 g\OML/cmm/m/it/10 ; \OMS/cmsy/m/n/10 f\OT1/cmr/m/n/10 (\OML/cmm/m/it/10 y\OT1
/cmr/m/n/10 )\OMS/cmsy/m/n/10 g\OML/cmm/m/it/10 ; \OMS/cmsy/m/n/10 f\OT1/cmr/m/
n/10 (\OML/cmm/m/it/10 z\OT1/cmr/m/n/10 )\OMS/cmsy/m/n/10 g\OML/cmm/m/it/10 ; \
OMS/cmsy/m/n/10 f\OT1/cmr/m/n/10 (\OML/cmm/m/it/10 x; x\OT1/cmr/m/n/10 )\OMS/cm
sy/m/n/10 g\OML/cmm/m/it/10 ; \OMS/cmsy/m/n/10 f\OT1/cmr/m/n/10 (\OML/cmm/m/it/
10 x; y\OT1/cmr/m/n/10 )\OML/cmm/m/it/10 ; \OT1/cmr/m/n/10 (\OML/cmm/m/it/10 y;
 x\OT1/cmr/m/n/10 )\OMS/cmsy/m/n/10 g\OML/cmm/m/it/10 ; \OMS/cmsy/m/n/10 f\OT1/
cmr/m/n/10 (\OML/cmm/m/it/10 x; z\OT1/cmr/m/n/10 )\OML/cmm/m/it/10 ; \OT1/cmr/m
/n/10 (\OML/cmm/m/it/10 z; x\OT1/cmr/m/n/10 )\OMS/cmsy/m/n/10 g\OML/cmm/m/it/10
 ; \OMS/cmsy/m/n/10 f\OT1/cmr/m/n/10 (\OML/cmm/m/it/10 y; y\OT1/cmr/m/n/10 )\OM
S/cmsy/m/n/10 g\OML/cmm/m/it/10 ; \OMS/cmsy/m/n/10 f\OT1/cmr/m/n/10 (\OML/cmm/m
/it/10 y; z\OT1/cmr/m/n/10 )\OML/cmm/m/it/10 ; \OT1/cmr/m/n/10 (\OML/cmm/m/it/1
0 z; y\OT1/cmr/m/n/10 )\OMS/cmsy/m/n/10 g\OML/cmm/m/it/10 ; [] $ 
 []

[9]
Overfull \hbox (17.65993pt too wide) in paragraph at lines 184--185
[]\OT1/cmr/m/n/10 We in-tro-duce ar-ray no-ta-tion, in which the mul-ti-set $\O
MS/cmsy/m/n/10 f\OT1/cmr/m/n/10 (\OML/cmm/m/it/10 x; x; y\OT1/cmr/m/n/10 )\OML/
cmm/m/it/10 ; \OT1/cmr/m/n/10 (\OML/cmm/m/it/10 x; y; x\OT1/cmr/m/n/10 )\OML/cm
m/m/it/10 ; \OT1/cmr/m/n/10 (\OML/cmm/m/it/10 y; x; x\OT1/cmr/m/n/10 )\OMS/cmsy
/m/n/10 g \OT1/cmr/m/n/10 =
 []


LaTeX Warning: Command \texttimes invalid in math mode on input line 188.


LaTeX Warning: Command \texttimes invalid in math mode on input line 188.

Missing character: There is no Ö in font cmr7!

LaTeX Warning: Command \texttimes invalid in math mode on input line 189.


LaTeX Warning: Command \texttimes invalid in math mode on input line 189.

Missing character: There is no Ö in font cmr7!

Overfull \hbox (20.78415pt too wide) in paragraph at lines 197--200
\OMS/cmsy/m/n/10 
\OT1/cmr/m/n/10 ((\OML/cmm/m/it/10 x[]; [] ; x[]\OT1/cmr/m/n/10 )\OML/cmm/m/it/
10 ; \OT1/cmr/m/n/10 (\OML/cmm/m/it/10 y[]; [] ; y[]\OT1/cmr/m/n/10 )) = (\OML/
cmm/m/it/10 x[]; [] ; x[]\OT1/cmr/m/n/10 ) \OMS/cmsy/m/n/10 
 \OT1/cmr/m/n/10 (\OML/cmm/m/it/10 y[]; [] ; y[]\OT1/cmr/m/n/10 ) = (\OML/cmm/m
/it/10 x[]; [] ; x[]; y[]; [] ; y[]\OT1/cmr/m/n/10 )$.
 []

[10] [11]
Overfull \hbox (24.65617pt too wide) in paragraph at lines 239--242
\OT1/cmr/m/n/10 (\OML/cmm/m/it/10 BRA; AUS; USA\OT1/cmr/m/n/10 )$. $[]$ can-not
 act on x be-cause $\OML/cmm/m/it/10 ^^\$ \OT1/cmr/m/n/10 is not de-fined on $\
OMS/cmsy/m/n/10 f\OML/cmm/m/it/10 AUS; BRA; USA\OMS/cmsy/m/n/10 g$\OT1/cmr/m/n/
10 .
 []


Overfull \hbox (5.99557pt too wide) in paragraph at lines 239--242
\OT1/cmr/m/n/10 acts on y by ap-ply-ing $\OML/cmm/m/it/10 ^^\$ \OT1/cmr/m/n/10 
to each en-try of y, i.e. $[]\OML/cmm/m/it/10 y \OT1/cmr/m/n/10 = [](1\OML/cmm/
m/it/10 ; \OT1/cmr/m/n/10 1\OML/cmm/m/it/10 ; \OT1/cmr/m/n/10 2) = (\OML/cmm/m/
it/10 ^^\\OT1/cmr/m/n/10 (1)\OML/cmm/m/it/10 ; ^^\\OT1/cmr/m/n/10 (1)\OML/cmm/m
/it/10 ; ^^\\OT1/cmr/m/n/10 (2)) =
 []


LaTeX Warning: Command \textellipsis invalid in math mode on input line 251.


Overfull \hbox (93.79115pt too wide) in paragraph at lines 253--254
[]\OT1/cmr/m/n/10 In the case of the first wave of 2018, rid-den by Caio Ibelli
: $\OML/cmm/m/it/10 A \OT1/cmr/m/n/10 = (\OMS/cmsy/m/n/10 f\OML/cmm/m/it/10 BRA
; ZAF\OMS/cmsy/m/n/10 g\OML/cmm/m/it/10 ; \OMS/cmsy/m/n/10 f\OML/cmm/m/it/10 ES
P; AUS; USA\OMS/cmsy/m/n/10 g\OT1/cmr/m/n/10 )$
 []


Overfull \hbox (121.39824pt too wide) in paragraph at lines 253--254
\OT1/cmr/m/n/10 and $\OML/cmm/m/it/10 A \OMS/cmsy/m/n/10 2 \OT1/cmr/m/n/10 ^^E[
]$. So $\OML/cmm/m/it/10 ^^\ \OT1/cmr/m/n/10 := (12) \OMS/cmsy/m/n/10 2 \OML/cm
m/m/it/10 S[]$\OT1/cmr/m/n/10 , acts on A by $\OML/cmm/m/it/10 ^^\\OT1/cmr/m/n/
10 (\OMS/cmsy/m/n/10 f\OML/cmm/m/it/10 BRA; ZAF\OMS/cmsy/m/n/10 g\OML/cmm/m/it/
10 ; \OMS/cmsy/m/n/10 f\OML/cmm/m/it/10 ESP; AUS; USA\OMS/cmsy/m/n/10 g\OT1/cmr
/m/n/10 ) =
 []


LaTeX Warning: Command \textellipsis invalid in math mode on input line 255.

[12]
Overfull \hbox (14.00241pt too wide) in paragraph at lines 271--273
[]$[]\OT1/cmr/m/n/10 (\OMS/cmsy/m/n/10 f\OML/cmm/m/it/10 BRA; ZAF\OMS/cmsy/m/n/
10 g\OML/cmm/m/it/10 ; \OMS/cmsy/m/n/10 f\OML/cmm/m/it/10 ESP; AUS; USA\OMS/cms
y/m/n/10 g\OT1/cmr/m/n/10 ) = (\OML/cmm/m/it/10 ^^M\OMS/cmsy/m/n/10 f\OML/cmm/m
/it/10 BRA; ZAF\OMS/cmsy/m/n/10 g\OML/cmm/m/it/10 ; ^^M\OMS/cmsy/m/n/10 f\OML/c
mm/m/it/10 ESP; AUS; USA\OMS/cmsy/m/n/10 g\OT1/cmr/m/n/10 )$
 []


Overfull \hbox (61.57932pt too wide) in paragraph at lines 271--273
\OT1/cmr/m/n/10 = (\OMS/cmsy/m/n/10 f\OML/cmm/m/it/10 ^^M\OT1/cmr/m/n/10 (\OML/
cmm/m/it/10 BRA\OT1/cmr/m/n/10 )\OML/cmm/m/it/10 ; ^^M\OT1/cmr/m/n/10 (\OML/cmm
/m/it/10 ZAF\OT1/cmr/m/n/10 )\OMS/cmsy/m/n/10 g\OML/cmm/m/it/10 ; \OMS/cmsy/m/n
/10 f\OML/cmm/m/it/10 ^^M\OT1/cmr/m/n/10 (\OML/cmm/m/it/10 ESP\OT1/cmr/m/n/10 )
\OML/cmm/m/it/10 ; ^^M\OT1/cmr/m/n/10 (\OML/cmm/m/it/10 AUS\OT1/cmr/m/n/10 )\OM
L/cmm/m/it/10 ; ^^M\OT1/cmr/m/n/10 (\OML/cmm/m/it/10 USA\OT1/cmr/m/n/10 )\OMS/c
msy/m/n/10 g\OT1/cmr/m/n/10 ) = (\OMS/cmsy/m/n/10 f\OML/cmm/m/it/10 AUS; ESP\OM
S/cmsy/m/n/10 g\OML/cmm/m/it/10 ; \OMS/cmsy/m/n/10 f\OML/cmm/m/it/10 ZAF; BRA; 
AUS\OMS/cmsy/m/n/10 g\OT1/cmr/m/n/10 )$ 
 []


Overfull \hbox (144.18372pt too wide) in paragraph at lines 274--275
[]\OT1/cmr/m/n/10 In this con-crete set-ting, the def-i-ni-tion of ex-change-ab
il-ity re-quires that $\OML/cmm/m/it/10 P\OT1/cmr/m/n/10 (\OMS/cmsy/m/n/10 f\OM
L/cmm/m/it/10 BRA; ZAF\OMS/cmsy/m/n/10 g\OML/cmm/m/it/10 ; \OMS/cmsy/m/n/10 f\O
ML/cmm/m/it/10 ESP; AUS; USA\OMS/cmsy/m/n/10 g\OT1/cmr/m/n/10 ) =
 []


Overfull \hbox (59.94891pt too wide) in paragraph at lines 276--277
\OT1/cmr/m/n/10 score, we ended up with an or-dered par-ti-tion of the panel: $
([\OML/cmm/m/it/10 BRA\OT1/cmr/m/n/10 ]\OML/cmm/m/it/10 ; \OT1/cmr/m/n/10 [\OML
/cmm/m/it/10 AUS; AUS; USA\OT1/cmr/m/n/10 ]\OML/cmm/m/it/10 ; \OT1/cmr/m/n/10 [
\OML/cmm/m/it/10 BRA\OT1/cmr/m/n/10 ])$.
 []


Overfull \hbox (132.85919pt too wide) in paragraph at lines 276--277
\OT1/cmr/m/n/10 Our de-sired ex-change-abil-ity is: $\OML/cmm/m/it/10 P\OT1/cmr
/m/n/10 ([\OML/cmm/m/it/10 BRA\OT1/cmr/m/n/10 ]\OML/cmm/m/it/10 ; \OT1/cmr/m/n/
10 [\OML/cmm/m/it/10 AUS; AUS; USA\OT1/cmr/m/n/10 ]\OML/cmm/m/it/10 ; \OT1/cmr/
m/n/10 [\OML/cmm/m/it/10 BRA\OT1/cmr/m/n/10 ]) = \OML/cmm/m/it/10 P[]\OT1/cmr/m
/n/10 ([\OML/cmm/m/it/10 BRA\OT1/cmr/m/n/10 ]\OML/cmm/m/it/10 ; \OT1/cmr/m/n/10
 [\OML/cmm/m/it/10 AUS; AUS; USA\OT1/cmr/m/n/10 ]\OML/cmm/m/it/10 ; \OT1/cmr/m/
n/10 [\OML/cmm/m/it/10 BRA\OT1/cmr/m/n/10 ])$ 
 []


Overfull \hbox (101.27386pt too wide) in paragraph at lines 278--279
[]\OT1/cmr/m/n/10 Taking a sim-i-lar $\OML/cmm/m/it/10 ^^M \OT1/cmr/m/n/10 := [
]$ as be-fore, $\OML/cmm/m/it/10 P\OT1/cmr/m/n/10 (\OML/cmm/m/it/10 ^^M\OT1/cmr
/m/n/10 [\OML/cmm/m/it/10 BRA\OT1/cmr/m/n/10 ]\OML/cmm/m/it/10 ; ^^M\OT1/cmr/m/
n/10 [\OML/cmm/m/it/10 AUS; AUS; USA\OT1/cmr/m/n/10 ]\OML/cmm/m/it/10 ; ^^M\OT1
/cmr/m/n/10 [\OML/cmm/m/it/10 BRA\OT1/cmr/m/n/10 ]) =
 []


Overfull \hbox (63.40172pt too wide) in paragraph at lines 278--279
\OML/cmm/m/it/10 P\OT1/cmr/m/n/10 ([\OML/cmm/m/it/10 ^^M\OT1/cmr/m/n/10 (\OML/c
mm/m/it/10 BRA\OT1/cmr/m/n/10 )]\OML/cmm/m/it/10 ; \OT1/cmr/m/n/10 [\OML/cmm/m/
it/10 ^^M\OT1/cmr/m/n/10 (\OML/cmm/m/it/10 AUS\OT1/cmr/m/n/10 )\OML/cmm/m/it/10
 ; ^^M\OT1/cmr/m/n/10 (\OML/cmm/m/it/10 AUS\OT1/cmr/m/n/10 )\OML/cmm/m/it/10 ; 
^^M\OT1/cmr/m/n/10 (\OML/cmm/m/it/10 USA\OT1/cmr/m/n/10 )]\OML/cmm/m/it/10 ; \O
T1/cmr/m/n/10 [\OML/cmm/m/it/10 ^^M\OT1/cmr/m/n/10 (\OML/cmm/m/it/10 BRA\OT1/cm
r/m/n/10 )])$ = $\OML/cmm/m/it/10 P\OT1/cmr/m/n/10 ([\OML/cmm/m/it/10 USA\OT1/c
mr/m/n/10 ]\OML/cmm/m/it/10 ; \OT1/cmr/m/n/10 [\OML/cmm/m/it/10 BRA; BRA; AUS\O
T1/cmr/m/n/10 ]\OML/cmm/m/it/10 ; \OT1/cmr/m/n/10 [\OML/cmm/m/it/10 USA\OT1/cmr
/m/n/10 ])$.
 []

[13]

LaTeX Warning: Command \textellipsis invalid in math mode on input line 286.


LaTeX Warning: Command \textellipsis invalid in math mode on input line 286.


Overfull \hbox (24.20886pt too wide) in paragraph at lines 293--295
[]\OT1/cmr/bx/n/10 Intra-multiplicity ex-change-able \OT1/cmr/m/n/10 if and onl
y if $\OMS/cmsy/m/n/10 8\OML/cmm/m/it/10 ^^U \OMS/cmsy/m/n/10 2 \OT1/cmr/m/n/10
 ^^E[]\OMS/cmsy/m/n/10 8\OML/cmm/m/it/10 ^^L \OMS/cmsy/m/n/10 2 [][] \OML/cmm/m
/it/10 S[] P \OMS/cmsy/m/n/10 

 []

[14]
Overfull \hbox (119.08377pt too wide) in paragraph at lines 324--327
\OT1/cmr/m/n/10 Throughout: $\OML/cmm/m/it/10 M \OT1/cmr/m/n/10 = \OMS/cmsy/m/n
/10 f\OML/cmm/m/it/10 Match; Non \OMS/cmsy/m/n/10 ^^@ \OML/cmm/m/it/10 Match\OM
S/cmsy/m/n/10 g \OT1/cmr/m/n/10 = \OMS/cmsy/m/n/10 f\OML/cmm/m/it/10 M; \OMS/cm
sy/m/n/10 :\OML/cmm/m/it/10 M\OMS/cmsy/m/n/10 g$\OT1/cmr/m/n/10 . $\OML/cmm/m/i
t/10 C \OT1/cmr/m/n/10 = \OMS/cmsy/m/n/10 f\OML/cmm/m/it/10 AUS; BRA; ESP; FRA;
 PRT; USA; ZAF\OMS/cmsy/m/n/10 g$\OT1/cmr/m/n/10 .
 []


Overfull \hbox (6.37144pt too wide) in paragraph at lines 348--352
\OT1/cmr/bx/n/10 Definition 9. \OT1/cmr/m/n/10 Mul-ti-pli-ca-tion in $\U/msb/m/
n/10 F\OT1/cmr/m/n/10 [\OML/cmm/m/it/10 S[]\OT1/cmr/m/n/10 ]$ is \OT1/cmr/m/it/
10 de-fined \OT1/cmr/m/n/10 by $\OML/cmm/m/it/10 A \OMS/cmsy/m/n/10 ^^C \OML/cm
m/m/it/10 B \OT1/cmr/m/n/10 = ([][] \OML/cmm/m/it/10 a[]^^\\OT1/cmr/m/n/10 ) \O
MS/cmsy/m/n/10 ^^C \OT1/cmr/m/n/10 ([][] \OML/cmm/m/it/10 b[]^^Y\OT1/cmr/m/n/10
 ) =
 []

[15] [16] [17]
Overfull \hbox (66.32214pt too wide) detected at line 448
[] \OT1/cmr/m/n/10 = [] + [] + [] + [] = \OML/cmm/m/it/10 a[] [] \OT1/cmr/m/n/1
0 + \OML/cmm/m/it/10 a[] [] \OT1/cmr/m/n/10 + [] + \OML/cmm/m/it/10 a[] [] \OT1
/cmr/m/n/10 = \OML/cmm/m/it/10 a[]e[] \OT1/cmr/m/n/10 + \OML/cmm/m/it/10 a[]e[]
 \OT1/cmr/m/n/10 + [] \OML/cmm/m/it/10 a[]e[]
 []


Overfull \hbox (76.55762pt too wide) in paragraph at lines 455--463
[]\OT1/cmr/m/n/10 Note: $[] = [][](\OML/cmm/m/it/10 A \OMS/cmsy/m/n/10 ^^C \OML
/cmm/m/it/10 B\OT1/cmr/m/n/10 )(\OML/cmm/m/it/10 ^^M\OT1/cmr/m/n/10 )\OML/cmm/m
/it/10 ^^Z\OT1/cmr/m/n/10 (\OML/cmm/m/it/10 ^^M\OT1/cmr/m/n/10 ) = [][] [][] \O
ML/cmm/m/it/10 a\OT1/cmr/m/n/10 (\OML/cmm/m/it/10 ^^M^^\[]\OT1/cmr/m/n/10 )\OML
/cmm/m/it/10 b\OT1/cmr/m/n/10 (\OML/cmm/m/it/10 ^^\\OT1/cmr/m/n/10 )\OML/cmm/m/
it/10 ^^Z\OT1/cmr/m/n/10 (\OML/cmm/m/it/10 ^^M\OT1/cmr/m/n/10 ) = [][] [][] \OM
L/cmm/m/it/10 a\OT1/cmr/m/n/10 (\OML/cmm/m/it/10 ^^M^^\^^\[]\OT1/cmr/m/n/10 )\O
ML/cmm/m/it/10 b\OT1/cmr/m/n/10 (\OML/cmm/m/it/10 ^^\\OT1/cmr/m/n/10 )\OML/cmm/
m/it/10 ^^Z\OT1/cmr/m/n/10 (\OML/cmm/m/it/10 ^^M^^\\OT1/cmr/m/n/10 ) =
 []


Overfull \hbox (54.96196pt too wide) in paragraph at lines 455--463
[][] [][] \OML/cmm/m/it/10 a\OT1/cmr/m/n/10 (\OML/cmm/m/it/10 ^^M\OT1/cmr/m/n/1
0 )\OML/cmm/m/it/10 b\OT1/cmr/m/n/10 (\OML/cmm/m/it/10 ^^\\OT1/cmr/m/n/10 )\OML
/cmm/m/it/10 ^^Z\OT1/cmr/m/n/10 (\OML/cmm/m/it/10 ^^M\OT1/cmr/m/n/10 )\OML/cmm/
m/it/10 ^^Z\OT1/cmr/m/n/10 (\OML/cmm/m/it/10 ^^\\OT1/cmr/m/n/10 )$ $= [][] \OML
/cmm/m/it/10 b\OT1/cmr/m/n/10 (\OML/cmm/m/it/10 ^^\\OT1/cmr/m/n/10 )\OML/cmm/m/
it/10 ^^Z\OT1/cmr/m/n/10 (\OML/cmm/m/it/10 ^^\\OT1/cmr/m/n/10 ) [][] \OML/cmm/m
/it/10 a\OT1/cmr/m/n/10 (\OML/cmm/m/it/10 ^^M\OT1/cmr/m/n/10 )\OML/cmm/m/it/10 
^^Z\OT1/cmr/m/n/10 (\OML/cmm/m/it/10 ^^M\OT1/cmr/m/n/10 ) = [][] \OML/cmm/m/it/
10 b\OT1/cmr/m/n/10 (\OML/cmm/m/it/10 ^^\\OT1/cmr/m/n/10 )\OML/cmm/m/it/10 ^^Z\
OT1/cmr/m/n/10 (\OML/cmm/m/it/10 ^^\\OT1/cmr/m/n/10 )[] = [] [][] \OML/cmm/m/it
/10 b\OT1/cmr/m/n/10 (\OML/cmm/m/it/10 ^^\\OT1/cmr/m/n/10 )\OML/cmm/m/it/10 ^^Z
\OT1/cmr/m/n/10 (\OML/cmm/m/it/10 ^^\\OT1/cmr/m/n/10 ) =
 []

[18] [19] (./main.aux) ) 
Here is how much of TeX's memory you used:
 2611 strings out of 478994
 36947 string characters out of 5858184
 334376 words of memory out of 5000000
 20065 multiletter control sequences out of 15000+600000
 412593 words of font info for 62 fonts, out of 8000000 for 9000
 1141 hyphenation exceptions out of 8191
 68i,9n,74p,2081b,215s stack positions out of 5000i,500n,10000p,200000b,80000s
{/usr/local/texlive/2021/texmf-dist/fonts/enc/dvips/cm-
super/cm-super-ts1.enc}</usr/local/texlive/2021/texmf-dist/fonts/type1/public/a
msfonts/cm/cmbx10.pfb></usr/local/texlive/2021/texmf-dist/fonts/type1/public/am
sfonts/cm/cmbx12.pfb></usr/local/texlive/2021/texmf-dist/fonts/type1/public/ams
fonts/cm/cmex10.pfb></usr/local/texlive/2021/texmf-dist/fonts/type1/public/amsf
onts/cmextra/cmex7.pfb></usr/local/texlive/2021/texmf-dist/fonts/type1/public/a
msfonts/cm/cmmi10.pfb></usr/local/texlive/2021/texmf-dist/fonts/type1/public/am
sfonts/cm/cmmi5.pfb></usr/local/texlive/2021/texmf-dist/fonts/type1/public/amsf
onts/cm/cmmi7.pfb></usr/local/texlive/2021/texmf-dist/fonts/type1/public/amsfon
ts/cm/cmr10.pfb></usr/local/texlive/2021/texmf-dist/fonts/type1/public/amsfonts
/cm/cmr12.pfb></usr/local/texlive/2021/texmf-dist/fonts/type1/public/amsfonts/c
m/cmr17.pfb></usr/local/texlive/2021/texmf-dist/fonts/type1/public/amsfonts/cm/
cmr5.pfb></usr/local/texlive/2021/texmf-dist/fonts/type1/public/amsfonts/cm/cmr
7.pfb></usr/local/texlive/2021/texmf-dist/fonts/type1/public/amsfonts/cm/cmsy10
.pfb></usr/local/texlive/2021/texmf-dist/fonts/type1/public/amsfonts/cm/cmsy5.p
fb></usr/local/texlive/2021/texmf-dist/fonts/type1/public/amsfonts/cm/cmsy7.pfb
></usr/local/texlive/2021/texmf-dist/fonts/type1/public/amsfonts/cm/cmti10.pfb>
</usr/local/texlive/2021/texmf-dist/fonts/type1/public/amsfonts/symbols/msbm10.
pfb></usr/local/texlive/2021/texmf-dist/fonts/type1/public/amsfonts/symbols/msb
m7.pfb></usr/local/texlive/2021/texmf-dist/fonts/type1/public/cm-super/sfrm1000
.pfb>
Output written on main.pdf (19 pages, 3609679 bytes).
PDF statistics:
 174 PDF objects out of 1000 (max. 8388607)
 103 compressed objects within 2 object streams
 0 named destinations out of 1000 (max. 500000)
 76 words of extra memory for PDF output out of 10000 (max. 10000000)

